grilo-plugin-cache-1ZJ7T0
grilo-plugin-cache-52LEU0
grilo-plugin-cache-68GGU0
grilo-plugin-cache-CAIGU0
grilo-plugin-cache-CGS7T0
grilo-plugin-cache-EZM7T0
grilo-plugin-cache-KDY3T0
grilo-plugin-cache-KFDGU0
grilo-plugin-cache-L1R7T0
grilo-plugin-cache-NTFGU0
grilo-plugin-cache-PEFGU0
grilo-plugin-cache-PPKGU0
grilo-plugin-cache-PYK7T0
grilo-plugin-cache-S8T3T0
grilo-plugin-cache-SOMEU0
grilo-plugin-cache-UXY3T0
grilo-plugin-cache-WIR7T0
grilo-plugin-cache-Z7IGU0
ssh-pyQqA5KizZb5
systemd-private-7a894b5407ce43c7bf94ec289331c552-colord.service-rkdsAg
systemd-private-7a894b5407ce43c7bf94ec289331c552-rtkit-daemon.service-CYfUSg
systemd-private-7a894b5407ce43c7bf94ec289331c552-systemd-logind.service-RX09Xf
systemd-private-7a894b5407ce43c7bf94ec289331c552-systemd-timesyncd.service-uG90sj
tracker-extract-files.1000
tracker-extract-files.131
grilo-plugin-cache-1ZJ7T0
grilo-plugin-cache-52LEU0
grilo-plugin-cache-68GGU0
grilo-plugin-cache-CAIGU0
grilo-plugin-cache-CGS7T0
grilo-plugin-cache-EZM7T0
grilo-plugin-cache-KDY3T0
grilo-plugin-cache-KFDGU0
grilo-plugin-cache-L1R7T0
grilo-plugin-cache-NTFGU0
grilo-plugin-cache-PEFGU0
grilo-plugin-cache-PPKGU0
grilo-plugin-cache-PYK7T0
grilo-plugin-cache-S8T3T0
grilo-plugin-cache-SOMEU0
grilo-plugin-cache-UXY3T0
grilo-plugin-cache-WIR7T0
grilo-plugin-cache-Z7IGU0
ssh-pyQqA5KizZb5
systemd-private-7a894b5407ce43c7bf94ec289331c552-colord.service-rkdsAg
systemd-private-7a894b5407ce43c7bf94ec289331c552-rtkit-daemon.service-CYfUSg
systemd-private-7a894b5407ce43c7bf94ec289331c552-systemd-logind.service-RX09Xf
systemd-private-7a894b5407ce43c7bf94ec289331c552-systemd-timesyncd.service-uG90sj
tracker-extract-files.1000
tracker-extract-files.131
grilo-plugin-cache-1ZJ7T0
grilo-plugin-cache-52LEU0
grilo-plugin-cache-68GGU0
grilo-plugin-cache-CAIGU0
grilo-plugin-cache-CGS7T0
grilo-plugin-cache-EZM7T0
grilo-plugin-cache-KDY3T0
grilo-plugin-cache-KFDGU0
grilo-plugin-cache-L1R7T0
grilo-plugin-cache-NTFGU0
grilo-plugin-cache-PEFGU0
grilo-plugin-cache-PPKGU0
grilo-plugin-cache-PYK7T0
grilo-plugin-cache-S8T3T0
grilo-plugin-cache-SOMEU0
grilo-plugin-cache-UXY3T0
grilo-plugin-cache-WIR7T0
grilo-plugin-cache-Z7IGU0
ssh-pyQqA5KizZb5
systemd-private-7a894b5407ce43c7bf94ec289331c552-colord.service-rkdsAg
systemd-private-7a894b5407ce43c7bf94ec289331c552-rtkit-daemon.service-CYfUSg
systemd-private-7a894b5407ce43c7bf94ec289331c552-systemd-logind.service-RX09Xf
systemd-private-7a894b5407ce43c7bf94ec289331c552-systemd-timesyncd.service-uG90sj
tracker-extract-files.1000
tracker-extract-files.131
grilo-plugin-cache-1ZJ7T0
grilo-plugin-cache-52LEU0
grilo-plugin-cache-68GGU0
grilo-plugin-cache-CAIGU0
grilo-plugin-cache-CGS7T0
grilo-plugin-cache-EZM7T0
grilo-plugin-cache-KDY3T0
grilo-plugin-cache-KFDGU0
grilo-plugin-cache-L1R7T0
grilo-plugin-cache-NTFGU0
grilo-plugin-cache-PEFGU0
grilo-plugin-cache-PPKGU0
grilo-plugin-cache-PYK7T0
grilo-plugin-cache-S8T3T0
grilo-plugin-cache-SOMEU0
grilo-plugin-cache-UXY3T0
grilo-plugin-cache-WIR7T0
grilo-plugin-cache-Z7IGU0
ssh-pyQqA5KizZb5
systemd-private-7a894b5407ce43c7bf94ec289331c552-colord.service-rkdsAg
systemd-private-7a894b5407ce43c7bf94ec289331c552-rtkit-daemon.service-CYfUSg
systemd-private-7a894b5407ce43c7bf94ec289331c552-systemd-logind.service-RX09Xf
systemd-private-7a894b5407ce43c7bf94ec289331c552-systemd-timesyncd.service-uG90sj
tracker-extract-files.1000
tracker-extract-files.131
grilo-plugin-cache-1ZJ7T0
grilo-plugin-cache-52LEU0
grilo-plugin-cache-68GGU0
grilo-plugin-cache-CAIGU0
grilo-plugin-cache-CGS7T0
grilo-plugin-cache-EZM7T0
grilo-plugin-cache-KDY3T0
grilo-plugin-cache-KFDGU0
grilo-plugin-cache-L1R7T0
grilo-plugin-cache-NTFGU0
grilo-plugin-cache-PEFGU0
grilo-plugin-cache-PPKGU0
grilo-plugin-cache-PYK7T0
grilo-plugin-cache-S8T3T0
grilo-plugin-cache-SOMEU0
grilo-plugin-cache-UXY3T0
grilo-plugin-cache-WIR7T0
grilo-plugin-cache-Z7IGU0
ssh-pyQqA5KizZb5
systemd-private-7a894b5407ce43c7bf94ec289331c552-colord.service-rkdsAg
systemd-private-7a894b5407ce43c7bf94ec289331c552-rtkit-daemon.service-CYfUSg
systemd-private-7a894b5407ce43c7bf94ec289331c552-systemd-logind.service-RX09Xf
systemd-private-7a894b5407ce43c7bf94ec289331c552-systemd-timesyncd.service-uG90sj
tracker-extract-files.1000
tracker-extract-files.131
grilo-plugin-cache-1ZJ7T0
grilo-plugin-cache-52LEU0
grilo-plugin-cache-68GGU0
grilo-plugin-cache-CAIGU0
grilo-plugin-cache-CGS7T0
grilo-plugin-cache-EZM7T0
grilo-plugin-cache-KDY3T0
grilo-plugin-cache-KFDGU0
grilo-plugin-cache-L1R7T0
grilo-plugin-cache-NTFGU0
grilo-plugin-cache-PEFGU0
grilo-plugin-cache-PPKGU0
grilo-plugin-cache-PYK7T0
grilo-plugin-cache-S8T3T0
grilo-plugin-cache-SOMEU0
grilo-plugin-cache-UXY3T0
grilo-plugin-cache-WIR7T0
grilo-plugin-cache-Z7IGU0
ssh-pyQqA5KizZb5
systemd-private-7a894b5407ce43c7bf94ec289331c552-colord.service-rkdsAg
systemd-private-7a894b5407ce43c7bf94ec289331c552-rtkit-daemon.service-CYfUSg
systemd-private-7a894b5407ce43c7bf94ec289331c552-systemd-logind.service-RX09Xf
systemd-private-7a894b5407ce43c7bf94ec289331c552-systemd-timesyncd.service-uG90sj
tracker-extract-files.1000
tracker-extract-files.131
